396  [main] INFO  o.s.t.c.s.DefaultTestContextBootstrapper - Using TestExecutionListeners: [org.springframework.test.context.web.ServletTestExecutionListener@10b48321, org.springframework.test.context.support.DependencyInjectionTestExecutionListener@6b67034, org.springframework.test.context.support.DirtiesContextTestExecutionListener@16267862, org.springframework.test.context.transaction.TransactionalTestExecutionListener@453da22c, org.springframework.test.context.jdbc.SqlScriptsTestExecutionListener@71248c21]
815  [main] INFO  org.testng.remote.RemoteTestNG - Starting RemoteTestNG v6.8.7beta-201309140723 on xiwc-pc with PID 8196 (D:\Program\spring-tool-suite-3.6.4.RELEASE-e4.4.2-win32-x86_64\sts-bundle\sts-3.6.4.RELEASE\plugins\org.testng.eclipse_6.8.6.20141201_2240\lib\testng.jar started by xi in D:\xiwc-desktop\code\lhjz.portal)
849  [main] INFO  o.s.c.a.AnnotationConfigApplicationContext - Refreshing org.springframework.context.annotation.AnnotationConfigApplicationContext@445b295b: startup date [Tue Mar 31 19:24:06 CST 2015]; root of context hierarchy
2395 [main] INFO  o.h.validator.internal.util.Version - HV000001: Hibernate Validator 5.1.3.Final
3145 [main] INFO  o.s.o.j.LocalContainerEntityManagerFactoryBean - Building JPA container EntityManagerFactory for persistence unit 'default'
3174 [main] INFO  o.h.jpa.internal.util.LogHelper - HHH000204: Processing PersistenceUnitInfo [
	name: default
	...]
3336 [main] INFO  org.hibernate.Version - HHH000412: Hibernate Core {4.3.8.Final}
3338 [main] INFO  org.hibernate.cfg.Environment - HHH000206: hibernate.properties not found
3339 [main] INFO  org.hibernate.cfg.Environment - HHH000021: Bytecode provider name : javassist
3646 [main] INFO  o.h.annotations.common.Version - HCANN000001: Hibernate Commons Annotations {4.0.5.Final}
4351 [main] INFO  org.hibernate.dialect.Dialect - HHH000400: Using dialect: org.hibernate.dialect.MySQL5Dialect
4443 [main] INFO  o.h.h.i.a.ASTQueryTranslatorFactory - HHH000397: Using ASTQueryTranslatorFactory
4670 [main] INFO  o.h.tool.hbm2ddl.SchemaUpdate - HHH000228: Running hbm2ddl schema update
4670 [main] INFO  o.h.tool.hbm2ddl.SchemaUpdate - HHH000102: Fetching database metadata
4673 [main] INFO  o.h.tool.hbm2ddl.SchemaUpdate - HHH000396: Updating schema
4694 [main] INFO  java.sql.DatabaseMetaData - HHH000262: Table not found: user
4704 [main] INFO  java.sql.DatabaseMetaData - HHH000262: Table not found: user
4705 [main] INFO  java.sql.DatabaseMetaData - HHH000262: Table not found: user
5199 [main] INFO  o.h.tool.hbm2ddl.SchemaUpdate - HHH000232: Schema update complete
6756 [main] INFO  org.testng.remote.RemoteTestNG - Started RemoteTestNG in 6.172 seconds (JVM running for 7.361)
6789 [main] INFO  o.s.t.c.t.TransactionContext - Began transaction (1) for test context [DefaultTestContext@740dcae3 testClass = UserDaoImplTest, testInstance = com.lhjz.portal.dao.impl.UserDaoImplTest@176d53b2, testMethod = save@UserDaoImplTest, testException = [null], mergedContextConfiguration = [MergedContextConfiguration@4e140497 testClass = UserDaoImplTest, locations = '{}', classes = '{class com.lhjz.portal.Application}', contextInitializerClasses = '[]', activeProfiles = '{}', propertySourceLocations = '{}', propertySourceProperties = '{}', contextLoader = 'org.springframework.boot.test.SpringApplicationContextLoader', parent = [null]]]; transaction manager [org.springframework.orm.jpa.JpaTransactionManager@481b2f10]; rollback [false]
6830 [main] INFO  c.lhjz.portal.dao.impl.UserDaoImpl - Save User ³É¹¦!?
6896 [main] INFO  c.lhjz.portal.dao.impl.UserDaoImpl - User [id=1, name=name_xiwc, password=password]
7634 [main] INFO  c.lhjz.portal.dao.impl.UserDaoImpl - User [id=2, name=xiwc, password=pwd]
7634 [main] INFO  c.lhjz.portal.dao.impl.UserDaoImpl - UserDaoImpl.save()
7759 [main] INFO  o.s.t.c.t.TransactionContext - Committed transaction for test context [DefaultTestContext@740dcae3 testClass = UserDaoImplTest, testInstance = com.lhjz.portal.dao.impl.UserDaoImplTest@176d53b2, testMethod = save@UserDaoImplTest, testException = [null], mergedContextConfiguration = [MergedContextConfiguration@4e140497 testClass = UserDaoImplTest, locations = '{}', classes = '{class com.lhjz.portal.Application}', contextInitializerClasses = '[]', activeProfiles = '{}', propertySourceLocations = '{}', propertySourceProperties = '{}', contextLoader = 'org.springframework.boot.test.SpringApplicationContextLoader', parent = [null]]].
7907 [Thread-1] INFO  o.s.c.a.AnnotationConfigApplicationContext - Closing org.springframework.context.annotation.AnnotationConfigApplicationContext@445b295b: startup date [Tue Mar 31 19:24:06 CST 2015]; root of context hierarchy
7915 [Thread-1] INFO  o.s.o.j.LocalContainerEntityManagerFactoryBean - Closing JPA EntityManagerFactory for persistence unit 'default'
